<?xml version="1.0" encoding="UTF-8"?>
<!-- Generated by org.testng.reporters.JUnitReportReporter -->
<testsuite skipped="0" hostname="DEEP-1808222042" name="com.mail.test.DownloadTest" tests="1" failures="0" timestamp="24 五月 2019 07:27:09 GMT" time="11.230" errors="0">
  <testcase name="testOne" time="11.230" classname="com.mail.test.DownloadTest"/>
</testsuite> <!-- com.mail.test.DownloadTest -->
