<?xml version="1.0" encoding="UTF-8"?>
<!-- Generated by org.testng.reporters.JUnitReportReporter -->
<testsuite skipped="0" hostname="DEEP-1808222042" name="com.mail.test.UploadFile" tests="1" failures="0" timestamp="23 五月 2019 09:23:35 GMT" time="23.975" errors="0">
  <testcase name="uplod" time="23.975" classname="com.mail.test.UploadFile"/>
</testsuite> <!-- com.mail.test.UploadFile -->
