<?xml version="1.0" encoding="UTF-8"?>
<!-- Generated by org.testng.reporters.JUnitReportReporter -->
<testsuite skipped="0" hostname="DEEP-1808222042" name="com.mail.test.FileUploadVerify" tests="1" failures="0" timestamp="24 五月 2019 08:11:48 GMT" time="22.072" errors="0">
  <testcase name="uplod" time="22.072" classname="com.mail.test.FileUploadVerify"/>
</testsuite> <!-- com.mail.test.FileUploadVerify -->
