<?xml version="1.0" encoding="UTF-8"?>
<!-- Generated by org.testng.reporters.JUnitReportReporter -->
<testsuite skipped="0" hostname="DEEP-1808222042" name="com.mail.test.DownloadTest2" tests="1" failures="0" timestamp="25 五月 2019 11:04:22 GMT" time="11.807" errors="0">
  <testcase name="testOne" time="11.807" classname="com.mail.test.DownloadTest2"/>
</testsuite> <!-- com.mail.test.DownloadTest2 -->
