<?xml version="1.0" encoding="UTF-8"?>
<!-- Generated by org.testng.reporters.JUnitReportReporter -->
<testsuite skipped="0" hostname="DEEP-1808222042" name="com.mail.test.DownloadTest" tests="1" failures="0" timestamp="27 五月 2019 10:39:42 GMT" time="32.112" errors="0">
  <testcase name="testOne" time="32.112" classname="com.mail.test.DownloadTest"/>
</testsuite> <!-- com.mail.test.DownloadTest -->
