<?xml version="1.0" encoding="UTF-8"?>
<!-- Generated by org.testng.reporters.JUnitReportReporter -->
<testsuite skipped="0" hostname="DEEP-1808222042" name="com.mail.test.FileUploadVerify" tests="1" failures="0" timestamp="25 五月 2019 10:08:32 GMT" time="22.252" errors="0">
  <testcase name="uplod" time="22.252" classname="com.mail.test.FileUploadVerify"/>
</testsuite> <!-- com.mail.test.FileUploadVerify -->
