<?xml version="1.0" encoding="UTF-8"?>
<!-- Generated by org.testng.reporters.JUnitReportReporter -->
<testsuite skipped="0" hostname="DEEP-1808222042" name="com.mail.test.DownloadTest2" tests="1" failures="0" timestamp="27 五月 2019 10:39:42 GMT" time="28.160" errors="0">
  <testcase name="testOne" time="28.160" classname="com.mail.test.DownloadTest2"/>
</testsuite> <!-- com.mail.test.DownloadTest2 -->
